<?xml version="1.0" encoding="UTF-8"?>
<testng-results skipped="0" failed="0" ignored="0" total="1" passed="1">
  <reporter-output>
  </reporter-output>
  <suite name="Default suite" duration-ms="86136" started-at="2018-01-20T17:45:03Z" finished-at="2018-01-20T17:46:29Z">
    <groups>
    </groups>
    <test name="Default test" duration-ms="86136" started-at="2018-01-20T17:45:03Z" finished-at="2018-01-20T17:46:29Z">
      <class name="com.jiva.testcases.ZU_60_flow">
        <test-method status="PASS" signature="verify_AddCMEpisodetoMember()[pri:0, instance:com.jiva.testcases.ZU_60_flow@3b084709]" name="verify_AddCMEpisodetoMember" duration-ms="86121" started-at="2018-01-20T11:45:03Z" description="Add CM episode for active Jiva members and go to worklists-ZU 60 flow" finished-at="2018-01-20T11:46:29Z">
          <reporter-output>
          </reporter-output>
        </test-method> <!-- verify_AddCMEpisodetoMember -->
      </class> <!-- com.jiva.testcases.ZU_60_flow -->
    </test> <!-- Default test -->
  </suite> <!-- Default suite -->
</testng-results>
