<?xml version="1.0" encoding="UTF-8"?>
<testng-results skipped="0" failed="0" ignored="0" total="1" passed="1">
  <reporter-output>
    <line>
      <![CDATA[Username Enteredvjayavarapu]]>
    </line>
    <line>
      <![CDATA[Password EnteredPassword1!]]>
    </line>
    <line>
      <![CDATA[Login Button Clicked]]>
    </line>
  </reporter-output>
  <suite name="Default suite" duration-ms="32741" started-at="2018-01-25T01:04:13Z" finished-at="2018-01-25T01:04:46Z">
    <groups>
    </groups>
    <test name="Default test" duration-ms="32741" started-at="2018-01-25T01:04:13Z" finished-at="2018-01-25T01:04:46Z">
      <class name="com.jiva.testcases.DemographicDataValidation_TC">
        <test-method status="PASS" signature="verify_screenDataWithFileData()[pri:0, instance:com.jiva.testcases.DemographicDataValidation_TC@3b084709]" name="verify_screenDataWithFileData" duration-ms="32725" started-at="2018-01-24T19:04:13Z" description="Screen Data with Member Demographic File Data" finished-at="2018-01-24T19:04:46Z">
          <reporter-output>
            <line>
              <![CDATA[Username Enteredvjayavarapu]]>
            </line>
            <line>
              <![CDATA[Password EnteredPassword1!]]>
            </line>
            <line>
              <![CDATA[Login Button Clicked]]>
            </line>
          </reporter-output>
        </test-method> <!-- verify_screenDataWithFileData -->
      </class> <!-- com.jiva.testcases.DemographicDataValidation_TC -->
    </test> <!-- Default test -->
  </suite> <!-- Default suite -->
</testng-results>
