<?xml version="1.0" encoding="UTF-8"?>
<testng-results skipped="0" failed="0" total="6" passed="6">
  <reporter-output>
    <line>
      <![CDATA[Username Enteredvjayavarapu]]>
    </line>
    <line>
      <![CDATA[Password EnteredPassword3!]]>
    </line>
    <line>
      <![CDATA[Login Button Clicked]]>
    </line>
    <line>
      <![CDATA[Started execution for integration flow of #ZU-60_CCM_Unable to reach member# for the member holding the Member Id: 000014846 and for the client: EHI<br>]]>
    </line>
    <line>
      <![CDATA[<font color='blue'>Expected Result: </font>000014846^EHI0NA<font color='blue'>  Actual Result: </font>000014846^EHI0NA<font color='brown'> Validation 1: Member Coverage ID validated against demographic file</font><br>]]>
    </line>
    <line>
      <![CDATA[<font color='blue'>Expected Result: </font>000014846^EHI0NA<font color='blue'>  Actual Result: </font>000014846^EHI0NA<font color='brown'> Validation 2: Member Coverage ID validated against address file</font><br>]]>
    </line>
    <line>
      <![CDATA[<font color='blue'>Expected Result: </font>000014846^EHI0NA<font color='blue'>  Actual Result: </font>000014846^EHI0NA<font color='brown'> Validation 3: Member Coverage ID validated against Coverage file</font><br>]]>
    </line>
    <line>
      <![CDATA[<font color='blue'>Expected Result: </font>000014846^EHI0NA<font color='blue'>  Actual Result: </font>000014846^EHI0NA<font color='brown'> Validation 4: Member Coverage ID validated against Member Phone file</font><br>]]>
    </line>
    <line>
      <![CDATA[<font color='blue'>Expected Result: </font>6186281652<font color='blue'>  Actual Result: </font>6186281652<font color='brown'> Validation 5: Member Phone Number validated against Member Phone file</font><br>]]>
    </line>
    <line>
      <![CDATA[<font color='blue'>Expected Result: </font>Hall<font color='blue'>  Actual Result: </font>Hall<font color='brown'> Validation 6: Member last name validated</font><br>]]>
    </line>
    <line>
      <![CDATA[<font color='blue'>Expected Result: </font>Arlene<font color='blue'>  Actual Result: </font>Arlene<font color='brown'> Validation 7: Member first name validated</font><br>]]>
    </line>
    <line>
      <![CDATA[<font color='blue'>Expected Result: </font>000014846<font color='blue'>  Actual Result: </font>000014846<font color='brown'> Validation 8: Member alternate id validated</font><br>]]>
    </line>
    <line>
      <![CDATA[<font color='blue'>Expected Result: </font>true<font color='blue'>  Actual Result: </font>true<font color='brown'> Validation 9: Member gender validated</font><br>]]>
    </line>
    <line>
      <![CDATA[<font color='blue'>Expected Result: </font>1931-05-24<font color='blue'>  Actual Result: </font>1931-05-24<font color='brown'> Validation 10: Member DOB validated</font><br>]]>
    </line>
    <line>
      <![CDATA[<font color='blue'>Expected Result: </font>HOME<font color='blue'>  Actual Result: </font>HOME<font color='brown'> Validation 11: Home Address type validated</font><br>]]>
    </line>
    <line>
      <![CDATA[<font color='blue'>Expected Result: </font>618 Wintergreen Dr.<font color='blue'>  Actual Result: </font>618 Wintergreen Dr.<font color='brown'> Validation 12: Home Address line 1 validated</font><br>]]>
    </line>
    <line>
      <![CDATA[<font color='blue'>Expected Result: </font>O Fallon<font color='blue'>  Actual Result: </font>O Fallon<font color='brown'> Validation 13: Home city validated</font><br>]]>
    </line>
    <line>
      <![CDATA[<font color='blue'>Expected Result: </font>IL<font color='blue'>  Actual Result: </font>IL<font color='brown'> Validation 14: Home state validated</font><br>]]>
    </line>
    <line>
      <![CDATA[<font color='blue'>Expected Result: </font>62269<font color='blue'>  Actual Result: </font>62269<font color='brown'> Validation 15: Home Zip validated</font><br>]]>
    </line>
    <line>
      <![CDATA[<font color='blue'>Expected Result: </font>USA<font color='blue'>  Actual Result: </font>USA<font color='brown'> Validation 16: Home country validated</font><br>]]>
    </line>
    <line>
      <![CDATA[<font color='blue'>Expected Result: </font>PRIMARY<font color='blue'>  Actual Result: </font>PRIMARY<font color='brown'> Validation 17: PRIMARY Address type validated</font><br>]]>
    </line>
    <line>
      <![CDATA[<font color='blue'>Expected Result: </font>618 Wintergreen Dr.<font color='blue'>  Actual Result: </font>618 Wintergreen Dr.<font color='brown'> Validation 18: PRIMARY Address line 1 validated</font><br>]]>
    </line>
    <line>
      <![CDATA[<font color='blue'>Expected Result: </font>O Fallon<font color='blue'>  Actual Result: </font>O Fallon<font color='brown'> Validation 19: PRIMARY city validated</font><br>]]>
    </line>
    <line>
      <![CDATA[<font color='blue'>Expected Result: </font>IL<font color='blue'>  Actual Result: </font>IL<font color='brown'> Validation 20: PRIMARY state validated</font><br>]]>
    </line>
    <line>
      <![CDATA[<font color='blue'>Expected Result: </font>62269<font color='blue'>  Actual Result: </font>62269<font color='brown'> Validation 21: PRIMARY Zip validated</font><br>]]>
    </line>
    <line>
      <![CDATA[<font color='blue'>Expected Result: </font>USA<font color='blue'>  Actual Result: </font>USA<font color='brown'> Validation 22: PRIMARY country validated</font><br>]]>
    </line>
    <line>
      <![CDATA[Successfully completed validating integration flow of #ZU-60_CCM_Unable to reach member# for the member holding the Member Id: 000014846 and for the client: EHI]]>
    </line>
    <line>
      <![CDATA[Username Enteredvjayavarapu]]>
    </line>
    <line>
      <![CDATA[Password EnteredPassword3!]]>
    </line>
    <line>
      <![CDATA[Login Button Clicked]]>
    </line>
    <line>
      <![CDATA[Started execution for integration flow of #ZU-61_CCM_Member Opts out# for the member holding the Member Id: 000014846 and for the client: EHI<br>]]>
    </line>
    <line>
      <![CDATA[<font color='blue'>Expected Result: </font>000014846^EHI0NA<font color='blue'>  Actual Result: </font>000014846^EHI0NA<font color='brown'> Validation 1: Member Coverage ID validated against demographic file</font><br>]]>
    </line>
    <line>
      <![CDATA[<font color='blue'>Expected Result: </font>000014846^EHI0NA<font color='blue'>  Actual Result: </font>000014846^EHI0NA<font color='brown'> Validation 2: Member Coverage ID validated against address file</font><br>]]>
    </line>
    <line>
      <![CDATA[<font color='blue'>Expected Result: </font>000014846^EHI0NA<font color='blue'>  Actual Result: </font>000014846^EHI0NA<font color='brown'> Validation 3: Member Coverage ID validated against Coverage file</font><br>]]>
    </line>
    <line>
      <![CDATA[<font color='blue'>Expected Result: </font>000014846^EHI0NA<font color='blue'>  Actual Result: </font>000014846^EHI0NA<font color='brown'> Validation 4: Member Coverage ID validated against Member Phone file</font><br>]]>
    </line>
    <line>
      <![CDATA[<font color='blue'>Expected Result: </font>6186281652<font color='blue'>  Actual Result: </font>6186281652<font color='brown'> Validation 5: Member Phone Number validated against Member Phone file</font><br>]]>
    </line>
    <line>
      <![CDATA[<font color='blue'>Expected Result: </font>Hall<font color='blue'>  Actual Result: </font>Hall<font color='brown'> Validation 6: Member last name validated</font><br>]]>
    </line>
    <line>
      <![CDATA[<font color='blue'>Expected Result: </font>Arlene<font color='blue'>  Actual Result: </font>Arlene<font color='brown'> Validation 7: Member first name validated</font><br>]]>
    </line>
    <line>
      <![CDATA[<font color='blue'>Expected Result: </font>000014846<font color='blue'>  Actual Result: </font>000014846<font color='brown'> Validation 8: Member alternate id validated</font><br>]]>
    </line>
    <line>
      <![CDATA[<font color='blue'>Expected Result: </font>true<font color='blue'>  Actual Result: </font>true<font color='brown'> Validation 9: Member gender validated</font><br>]]>
    </line>
    <line>
      <![CDATA[<font color='blue'>Expected Result: </font>1931-05-24<font color='blue'>  Actual Result: </font>1931-05-24<font color='brown'> Validation 10: Member DOB validated</font><br>]]>
    </line>
    <line>
      <![CDATA[<font color='blue'>Expected Result: </font>HOME<font color='blue'>  Actual Result: </font>HOME<font color='brown'> Validation 11: Home Address type validated</font><br>]]>
    </line>
    <line>
      <![CDATA[<font color='blue'>Expected Result: </font>618 Wintergreen Dr.<font color='blue'>  Actual Result: </font>618 Wintergreen Dr.<font color='brown'> Validation 12: Home Address line 1 validated</font><br>]]>
    </line>
    <line>
      <![CDATA[<font color='blue'>Expected Result: </font>O Fallon<font color='blue'>  Actual Result: </font>O Fallon<font color='brown'> Validation 13: Home city validated</font><br>]]>
    </line>
    <line>
      <![CDATA[<font color='blue'>Expected Result: </font>IL<font color='blue'>  Actual Result: </font>IL<font color='brown'> Validation 14: Home state validated</font><br>]]>
    </line>
    <line>
      <![CDATA[<font color='blue'>Expected Result: </font>62269<font color='blue'>  Actual Result: </font>62269<font color='brown'> Validation 15: Home Zip validated</font><br>]]>
    </line>
    <line>
      <![CDATA[<font color='blue'>Expected Result: </font>USA<font color='blue'>  Actual Result: </font>USA<font color='brown'> Validation 16: Home country validated</font><br>]]>
    </line>
    <line>
      <![CDATA[<font color='blue'>Expected Result: </font>PRIMARY<font color='blue'>  Actual Result: </font>PRIMARY<font color='brown'> Validation 17: PRIMARY Address type validated</font><br>]]>
    </line>
    <line>
      <![CDATA[<font color='blue'>Expected Result: </font>618 Wintergreen Dr.<font color='blue'>  Actual Result: </font>618 Wintergreen Dr.<font color='brown'> Validation 18: PRIMARY Address line 1 validated</font><br>]]>
    </line>
    <line>
      <![CDATA[<font color='blue'>Expected Result: </font>O Fallon<font color='blue'>  Actual Result: </font>O Fallon<font color='brown'> Validation 19: PRIMARY city validated</font><br>]]>
    </line>
    <line>
      <![CDATA[<font color='blue'>Expected Result: </font>IL<font color='blue'>  Actual Result: </font>IL<font color='brown'> Validation 20: PRIMARY state validated</font><br>]]>
    </line>
    <line>
      <![CDATA[<font color='blue'>Expected Result: </font>62269<font color='blue'>  Actual Result: </font>62269<font color='brown'> Validation 21: PRIMARY Zip validated</font><br>]]>
    </line>
    <line>
      <![CDATA[<font color='blue'>Expected Result: </font>USA<font color='blue'>  Actual Result: </font>USA<font color='brown'> Validation 22: PRIMARY country validated</font><br>]]>
    </line>
    <line>
      <![CDATA[Successfully completed validating integration flow of #ZU-61_CCM_Member Opts out# for the member holding the Member Id: 000014846 and for the client: EHI]]>
    </line>
    <line>
      <![CDATA[Username Enteredvjayavarapu]]>
    </line>
    <line>
      <![CDATA[Password EnteredPassword3!]]>
    </line>
    <line>
      <![CDATA[Login Button Clicked]]>
    </line>
    <line>
      <![CDATA[Started execution for integration flow of #ZU-63_CCM_Member_Identified Needs/Goals Have Been Met# for the member holding the Member Id: 000014846 and for the client: EHI<br>]]>
    </line>
    <line>
      <![CDATA[<font color='blue'>Expected Result: </font>000014846^EHI0NA<font color='blue'>  Actual Result: </font>000014846^EHI0NA<font color='brown'> Validation 1: Member Coverage ID validated against demographic file</font><br>]]>
    </line>
    <line>
      <![CDATA[<font color='blue'>Expected Result: </font>000014846^EHI0NA<font color='blue'>  Actual Result: </font>000014846^EHI0NA<font color='brown'> Validation 2: Member Coverage ID validated against address file</font><br>]]>
    </line>
    <line>
      <![CDATA[<font color='blue'>Expected Result: </font>000014846^EHI0NA<font color='blue'>  Actual Result: </font>000014846^EHI0NA<font color='brown'> Validation 3: Member Coverage ID validated against Coverage file</font><br>]]>
    </line>
    <line>
      <![CDATA[<font color='blue'>Expected Result: </font>000014846^EHI0NA<font color='blue'>  Actual Result: </font>000014846^EHI0NA<font color='brown'> Validation 4: Member Coverage ID validated against Member Phone file</font><br>]]>
    </line>
    <line>
      <![CDATA[<font color='blue'>Expected Result: </font>6186281652<font color='blue'>  Actual Result: </font>6186281652<font color='brown'> Validation 5: Member Phone Number validated against Member Phone file</font><br>]]>
    </line>
    <line>
      <![CDATA[<font color='blue'>Expected Result: </font>Hall<font color='blue'>  Actual Result: </font>Hall<font color='brown'> Validation 6: Member last name validated</font><br>]]>
    </line>
    <line>
      <![CDATA[<font color='blue'>Expected Result: </font>Arlene<font color='blue'>  Actual Result: </font>Arlene<font color='brown'> Validation 7: Member first name validated</font><br>]]>
    </line>
    <line>
      <![CDATA[<font color='blue'>Expected Result: </font>000014846<font color='blue'>  Actual Result: </font>000014846<font color='brown'> Validation 8: Member alternate id validated</font><br>]]>
    </line>
    <line>
      <![CDATA[<font color='blue'>Expected Result: </font>true<font color='blue'>  Actual Result: </font>true<font color='brown'> Validation 9: Member gender validated</font><br>]]>
    </line>
    <line>
      <![CDATA[<font color='blue'>Expected Result: </font>1931-05-24<font color='blue'>  Actual Result: </font>1931-05-24<font color='brown'> Validation 10: Member DOB validated</font><br>]]>
    </line>
    <line>
      <![CDATA[<font color='blue'>Expected Result: </font>HOME<font color='blue'>  Actual Result: </font>HOME<font color='brown'> Validation 11: Home Address type validated</font><br>]]>
    </line>
    <line>
      <![CDATA[<font color='blue'>Expected Result: </font>618 Wintergreen Dr.<font color='blue'>  Actual Result: </font>618 Wintergreen Dr.<font color='brown'> Validation 12: Home Address line 1 validated</font><br>]]>
    </line>
    <line>
      <![CDATA[<font color='blue'>Expected Result: </font>O Fallon<font color='blue'>  Actual Result: </font>O Fallon<font color='brown'> Validation 13: Home city validated</font><br>]]>
    </line>
    <line>
      <![CDATA[<font color='blue'>Expected Result: </font>IL<font color='blue'>  Actual Result: </font>IL<font color='brown'> Validation 14: Home state validated</font><br>]]>
    </line>
    <line>
      <![CDATA[<font color='blue'>Expected Result: </font>62269<font color='blue'>  Actual Result: </font>62269<font color='brown'> Validation 15: Home Zip validated</font><br>]]>
    </line>
    <line>
      <![CDATA[<font color='blue'>Expected Result: </font>USA<font color='blue'>  Actual Result: </font>USA<font color='brown'> Validation 16: Home country validated</font><br>]]>
    </line>
    <line>
      <![CDATA[<font color='blue'>Expected Result: </font>PRIMARY<font color='blue'>  Actual Result: </font>PRIMARY<font color='brown'> Validation 17: PRIMARY Address type validated</font><br>]]>
    </line>
    <line>
      <![CDATA[<font color='blue'>Expected Result: </font>618 Wintergreen Dr.<font color='blue'>  Actual Result: </font>618 Wintergreen Dr.<font color='brown'> Validation 18: PRIMARY Address line 1 validated</font><br>]]>
    </line>
    <line>
      <![CDATA[<font color='blue'>Expected Result: </font>O Fallon<font color='blue'>  Actual Result: </font>O Fallon<font color='brown'> Validation 19: PRIMARY city validated</font><br>]]>
    </line>
    <line>
      <![CDATA[<font color='blue'>Expected Result: </font>IL<font color='blue'>  Actual Result: </font>IL<font color='brown'> Validation 20: PRIMARY state validated</font><br>]]>
    </line>
    <line>
      <![CDATA[<font color='blue'>Expected Result: </font>62269<font color='blue'>  Actual Result: </font>62269<font color='brown'> Validation 21: PRIMARY Zip validated</font><br>]]>
    </line>
    <line>
      <![CDATA[<font color='blue'>Expected Result: </font>USA<font color='blue'>  Actual Result: </font>USA<font color='brown'> Validation 22: PRIMARY country validated</font><br>]]>
    </line>
    <line>
      <![CDATA[Successfully completed validating integration flow of #ZU-63_CCM_Member_Identified Needs/Goals Have Been Met# for the member holding the Member Id: 000014846 and for the client: EHI]]>
    </line>
    <line>
      <![CDATA[Username Enteredvjayavarapu]]>
    </line>
    <line>
      <![CDATA[Password EnteredPassword3!]]>
    </line>
    <line>
      <![CDATA[Login Button Clicked]]>
    </line>
    <line>
      <![CDATA[Started execution for integration flow of #ZU-60_CCM_Unable to reach member# for the member holding the Member Id: 000015060 and for the client: EHI<br>]]>
    </line>
    <line>
      <![CDATA[<font color='blue'>Expected Result: </font>000015060^EHI0NA<font color='blue'>  Actual Result: </font>000015060^EHI0NA<font color='brown'> Validation 1: Member Coverage ID validated against demographic file</font><br>]]>
    </line>
    <line>
      <![CDATA[<font color='blue'>Expected Result: </font>000015060^EHI0NA<font color='blue'>  Actual Result: </font>000015060^EHI0NA<font color='brown'> Validation 2: Member Coverage ID validated against address file</font><br>]]>
    </line>
    <line>
      <![CDATA[<font color='blue'>Expected Result: </font>000015060^EHI0NA<font color='blue'>  Actual Result: </font>000015060^EHI0NA<font color='brown'> Validation 3: Member Coverage ID validated against Coverage file</font><br>]]>
    </line>
    <line>
      <![CDATA[<font color='blue'>Expected Result: </font>000015060^EHI0NA<font color='blue'>  Actual Result: </font>000015060^EHI0NA<font color='brown'> Validation 4: Member Coverage ID validated against Member Phone file</font><br>]]>
    </line>
    <line>
      <![CDATA[<font color='blue'>Expected Result: </font>3143814474<font color='blue'>  Actual Result: </font>3143814474<font color='brown'> Validation 5: Member Phone Number validated against Member Phone file</font><br>]]>
    </line>
    <line>
      <![CDATA[<font color='blue'>Expected Result: </font>Rice Jr<font color='blue'>  Actual Result: </font>Rice Jr<font color='brown'> Validation 6: Member last name validated</font><br>]]>
    </line>
    <line>
      <![CDATA[<font color='blue'>Expected Result: </font>James<font color='blue'>  Actual Result: </font>James<font color='brown'> Validation 7: Member first name validated</font><br>]]>
    </line>
    <line>
      <![CDATA[<font color='blue'>Expected Result: </font>000015060<font color='blue'>  Actual Result: </font>000015060<font color='brown'> Validation 8: Member alternate id validated</font><br>]]>
    </line>
    <line>
      <![CDATA[<font color='blue'>Expected Result: </font>true<font color='blue'>  Actual Result: </font>true<font color='brown'> Validation 9: Member gender validated</font><br>]]>
    </line>
    <line>
      <![CDATA[<font color='blue'>Expected Result: </font>1942-08-03<font color='blue'>  Actual Result: </font>1942-08-03<font color='brown'> Validation 10: Member DOB validated</font><br>]]>
    </line>
    <line>
      <![CDATA[<font color='blue'>Expected Result: </font>HOME<font color='blue'>  Actual Result: </font>HOME<font color='brown'> Validation 11: Home Address type validated</font><br>]]>
    </line>
    <line>
      <![CDATA[<font color='blue'>Expected Result: </font>6631 Barken Ave.<font color='blue'>  Actual Result: </font>6631 Barken Ave.<font color='brown'> Validation 12: Home Address line 1 validated</font><br>]]>
    </line>
    <line>
      <![CDATA[<font color='blue'>Expected Result: </font>Saint Louis<font color='blue'>  Actual Result: </font>Saint Louis<font color='brown'> Validation 13: Home city validated</font><br>]]>
    </line>
    <line>
      <![CDATA[<font color='blue'>Expected Result: </font>MO<font color='blue'>  Actual Result: </font>MO<font color='brown'> Validation 14: Home state validated</font><br>]]>
    </line>
    <line>
      <![CDATA[<font color='blue'>Expected Result: </font>63121<font color='blue'>  Actual Result: </font>63121<font color='brown'> Validation 15: Home Zip validated</font><br>]]>
    </line>
    <line>
      <![CDATA[<font color='blue'>Expected Result: </font>USA<font color='blue'>  Actual Result: </font>USA<font color='brown'> Validation 16: Home country validated</font><br>]]>
    </line>
    <line>
      <![CDATA[<font color='blue'>Expected Result: </font>PRIMARY<font color='blue'>  Actual Result: </font>PRIMARY<font color='brown'> Validation 17: PRIMARY Address type validated</font><br>]]>
    </line>
    <line>
      <![CDATA[<font color='blue'>Expected Result: </font>6631 Barken Ave.<font color='blue'>  Actual Result: </font>6631 Barken Ave.<font color='brown'> Validation 18: PRIMARY Address line 1 validated</font><br>]]>
    </line>
    <line>
      <![CDATA[<font color='blue'>Expected Result: </font>Saint Louis<font color='blue'>  Actual Result: </font>Saint Louis<font color='brown'> Validation 19: PRIMARY city validated</font><br>]]>
    </line>
    <line>
      <![CDATA[<font color='blue'>Expected Result: </font>MO<font color='blue'>  Actual Result: </font>MO<font color='brown'> Validation 20: PRIMARY state validated</font><br>]]>
    </line>
    <line>
      <![CDATA[<font color='blue'>Expected Result: </font>63121<font color='blue'>  Actual Result: </font>63121<font color='brown'> Validation 21: PRIMARY Zip validated</font><br>]]>
    </line>
    <line>
      <![CDATA[<font color='blue'>Expected Result: </font>USA<font color='blue'>  Actual Result: </font>USA<font color='brown'> Validation 22: PRIMARY country validated</font><br>]]>
    </line>
    <line>
      <![CDATA[Successfully completed validating integration flow of #ZU-60_CCM_Unable to reach member# for the member holding the Member Id: 000015060 and for the client: EHI]]>
    </line>
    <line>
      <![CDATA[Username Enteredvjayavarapu]]>
    </line>
    <line>
      <![CDATA[Password EnteredPassword3!]]>
    </line>
    <line>
      <![CDATA[Login Button Clicked]]>
    </line>
    <line>
      <![CDATA[Started execution for integration flow of #ZU-61_CCM_Member Opts out# for the member holding the Member Id: 000015060 and for the client: EHI<br>]]>
    </line>
    <line>
      <![CDATA[<font color='blue'>Expected Result: </font>000015060^EHI0NA<font color='blue'>  Actual Result: </font>000015060^EHI0NA<font color='brown'> Validation 1: Member Coverage ID validated against demographic file</font><br>]]>
    </line>
    <line>
      <![CDATA[<font color='blue'>Expected Result: </font>000015060^EHI0NA<font color='blue'>  Actual Result: </font>000015060^EHI0NA<font color='brown'> Validation 2: Member Coverage ID validated against address file</font><br>]]>
    </line>
    <line>
      <![CDATA[<font color='blue'>Expected Result: </font>000015060^EHI0NA<font color='blue'>  Actual Result: </font>000015060^EHI0NA<font color='brown'> Validation 3: Member Coverage ID validated against Coverage file</font><br>]]>
    </line>
    <line>
      <![CDATA[<font color='blue'>Expected Result: </font>000015060^EHI0NA<font color='blue'>  Actual Result: </font>000015060^EHI0NA<font color='brown'> Validation 4: Member Coverage ID validated against Member Phone file</font><br>]]>
    </line>
    <line>
      <![CDATA[<font color='blue'>Expected Result: </font>3143814474<font color='blue'>  Actual Result: </font>3143814474<font color='brown'> Validation 5: Member Phone Number validated against Member Phone file</font><br>]]>
    </line>
    <line>
      <![CDATA[<font color='blue'>Expected Result: </font>Rice Jr<font color='blue'>  Actual Result: </font>Rice Jr<font color='brown'> Validation 6: Member last name validated</font><br>]]>
    </line>
    <line>
      <![CDATA[<font color='blue'>Expected Result: </font>James<font color='blue'>  Actual Result: </font>James<font color='brown'> Validation 7: Member first name validated</font><br>]]>
    </line>
    <line>
      <![CDATA[<font color='blue'>Expected Result: </font>000015060<font color='blue'>  Actual Result: </font>000015060<font color='brown'> Validation 8: Member alternate id validated</font><br>]]>
    </line>
    <line>
      <![CDATA[<font color='blue'>Expected Result: </font>true<font color='blue'>  Actual Result: </font>true<font color='brown'> Validation 9: Member gender validated</font><br>]]>
    </line>
    <line>
      <![CDATA[<font color='blue'>Expected Result: </font>1942-08-03<font color='blue'>  Actual Result: </font>1942-08-03<font color='brown'> Validation 10: Member DOB validated</font><br>]]>
    </line>
    <line>
      <![CDATA[<font color='blue'>Expected Result: </font>HOME<font color='blue'>  Actual Result: </font>HOME<font color='brown'> Validation 11: Home Address type validated</font><br>]]>
    </line>
    <line>
      <![CDATA[<font color='blue'>Expected Result: </font>6631 Barken Ave.<font color='blue'>  Actual Result: </font>6631 Barken Ave.<font color='brown'> Validation 12: Home Address line 1 validated</font><br>]]>
    </line>
    <line>
      <![CDATA[<font color='blue'>Expected Result: </font>Saint Louis<font color='blue'>  Actual Result: </font>Saint Louis<font color='brown'> Validation 13: Home city validated</font><br>]]>
    </line>
    <line>
      <![CDATA[<font color='blue'>Expected Result: </font>MO<font color='blue'>  Actual Result: </font>MO<font color='brown'> Validation 14: Home state validated</font><br>]]>
    </line>
    <line>
      <![CDATA[<font color='blue'>Expected Result: </font>63121<font color='blue'>  Actual Result: </font>63121<font color='brown'> Validation 15: Home Zip validated</font><br>]]>
    </line>
    <line>
      <![CDATA[<font color='blue'>Expected Result: </font>USA<font color='blue'>  Actual Result: </font>USA<font color='brown'> Validation 16: Home country validated</font><br>]]>
    </line>
    <line>
      <![CDATA[<font color='blue'>Expected Result: </font>PRIMARY<font color='blue'>  Actual Result: </font>PRIMARY<font color='brown'> Validation 17: PRIMARY Address type validated</font><br>]]>
    </line>
    <line>
      <![CDATA[<font color='blue'>Expected Result: </font>6631 Barken Ave.<font color='blue'>  Actual Result: </font>6631 Barken Ave.<font color='brown'> Validation 18: PRIMARY Address line 1 validated</font><br>]]>
    </line>
    <line>
      <![CDATA[<font color='blue'>Expected Result: </font>Saint Louis<font color='blue'>  Actual Result: </font>Saint Louis<font color='brown'> Validation 19: PRIMARY city validated</font><br>]]>
    </line>
    <line>
      <![CDATA[<font color='blue'>Expected Result: </font>MO<font color='blue'>  Actual Result: </font>MO<font color='brown'> Validation 20: PRIMARY state validated</font><br>]]>
    </line>
    <line>
      <![CDATA[<font color='blue'>Expected Result: </font>63121<font color='blue'>  Actual Result: </font>63121<font color='brown'> Validation 21: PRIMARY Zip validated</font><br>]]>
    </line>
    <line>
      <![CDATA[<font color='blue'>Expected Result: </font>USA<font color='blue'>  Actual Result: </font>USA<font color='brown'> Validation 22: PRIMARY country validated</font><br>]]>
    </line>
    <line>
      <![CDATA[Successfully completed validating integration flow of #ZU-61_CCM_Member Opts out# for the member holding the Member Id: 000015060 and for the client: EHI]]>
    </line>
    <line>
      <![CDATA[Username Enteredvjayavarapu]]>
    </line>
    <line>
      <![CDATA[Password EnteredPassword3!]]>
    </line>
    <line>
      <![CDATA[Login Button Clicked]]>
    </line>
    <line>
      <![CDATA[Started execution for integration flow of #ZU-63_CCM_Member_Identified Needs/Goals Have Been Met# for the member holding the Member Id: 000015060 and for the client: EHI<br>]]>
    </line>
    <line>
      <![CDATA[<font color='blue'>Expected Result: </font>000015060^EHI0NA<font color='blue'>  Actual Result: </font>000015060^EHI0NA<font color='brown'> Validation 1: Member Coverage ID validated against demographic file</font><br>]]>
    </line>
    <line>
      <![CDATA[<font color='blue'>Expected Result: </font>000015060^EHI0NA<font color='blue'>  Actual Result: </font>000015060^EHI0NA<font color='brown'> Validation 2: Member Coverage ID validated against address file</font><br>]]>
    </line>
    <line>
      <![CDATA[<font color='blue'>Expected Result: </font>000015060^EHI0NA<font color='blue'>  Actual Result: </font>000015060^EHI0NA<font color='brown'> Validation 3: Member Coverage ID validated against Coverage file</font><br>]]>
    </line>
    <line>
      <![CDATA[<font color='blue'>Expected Result: </font>000015060^EHI0NA<font color='blue'>  Actual Result: </font>000015060^EHI0NA<font color='brown'> Validation 4: Member Coverage ID validated against Member Phone file</font><br>]]>
    </line>
    <line>
      <![CDATA[<font color='blue'>Expected Result: </font>3143814474<font color='blue'>  Actual Result: </font>3143814474<font color='brown'> Validation 5: Member Phone Number validated against Member Phone file</font><br>]]>
    </line>
    <line>
      <![CDATA[<font color='blue'>Expected Result: </font>Rice Jr<font color='blue'>  Actual Result: </font>Rice Jr<font color='brown'> Validation 6: Member last name validated</font><br>]]>
    </line>
    <line>
      <![CDATA[<font color='blue'>Expected Result: </font>James<font color='blue'>  Actual Result: </font>James<font color='brown'> Validation 7: Member first name validated</font><br>]]>
    </line>
    <line>
      <![CDATA[<font color='blue'>Expected Result: </font>000015060<font color='blue'>  Actual Result: </font>000015060<font color='brown'> Validation 8: Member alternate id validated</font><br>]]>
    </line>
    <line>
      <![CDATA[<font color='blue'>Expected Result: </font>true<font color='blue'>  Actual Result: </font>true<font color='brown'> Validation 9: Member gender validated</font><br>]]>
    </line>
    <line>
      <![CDATA[<font color='blue'>Expected Result: </font>1942-08-03<font color='blue'>  Actual Result: </font>1942-08-03<font color='brown'> Validation 10: Member DOB validated</font><br>]]>
    </line>
    <line>
      <![CDATA[<font color='blue'>Expected Result: </font>HOME<font color='blue'>  Actual Result: </font>HOME<font color='brown'> Validation 11: Home Address type validated</font><br>]]>
    </line>
    <line>
      <![CDATA[<font color='blue'>Expected Result: </font>6631 Barken Ave.<font color='blue'>  Actual Result: </font>6631 Barken Ave.<font color='brown'> Validation 12: Home Address line 1 validated</font><br>]]>
    </line>
    <line>
      <![CDATA[<font color='blue'>Expected Result: </font>Saint Louis<font color='blue'>  Actual Result: </font>Saint Louis<font color='brown'> Validation 13: Home city validated</font><br>]]>
    </line>
    <line>
      <![CDATA[<font color='blue'>Expected Result: </font>MO<font color='blue'>  Actual Result: </font>MO<font color='brown'> Validation 14: Home state validated</font><br>]]>
    </line>
    <line>
      <![CDATA[<font color='blue'>Expected Result: </font>63121<font color='blue'>  Actual Result: </font>63121<font color='brown'> Validation 15: Home Zip validated</font><br>]]>
    </line>
    <line>
      <![CDATA[<font color='blue'>Expected Result: </font>USA<font color='blue'>  Actual Result: </font>USA<font color='brown'> Validation 16: Home country validated</font><br>]]>
    </line>
    <line>
      <![CDATA[<font color='blue'>Expected Result: </font>PRIMARY<font color='blue'>  Actual Result: </font>PRIMARY<font color='brown'> Validation 17: PRIMARY Address type validated</font><br>]]>
    </line>
    <line>
      <![CDATA[<font color='blue'>Expected Result: </font>6631 Barken Ave.<font color='blue'>  Actual Result: </font>6631 Barken Ave.<font color='brown'> Validation 18: PRIMARY Address line 1 validated</font><br>]]>
    </line>
    <line>
      <![CDATA[<font color='blue'>Expected Result: </font>Saint Louis<font color='blue'>  Actual Result: </font>Saint Louis<font color='brown'> Validation 19: PRIMARY city validated</font><br>]]>
    </line>
    <line>
      <![CDATA[<font color='blue'>Expected Result: </font>MO<font color='blue'>  Actual Result: </font>MO<font color='brown'> Validation 20: PRIMARY state validated</font><br>]]>
    </line>
    <line>
      <![CDATA[<font color='blue'>Expected Result: </font>63121<font color='blue'>  Actual Result: </font>63121<font color='brown'> Validation 21: PRIMARY Zip validated</font><br>]]>
    </line>
    <line>
      <![CDATA[<font color='blue'>Expected Result: </font>USA<font color='blue'>  Actual Result: </font>USA<font color='brown'> Validation 22: PRIMARY country validated</font><br>]]>
    </line>
    <line>
      <![CDATA[Successfully completed validating integration flow of #ZU-63_CCM_Member_Identified Needs/Goals Have Been Met# for the member holding the Member Id: 000015060 and for the client: EHI]]>
    </line>
  </reporter-output>
  <suite name="System Integration Test Suite" duration-ms="921605" started-at="2018-03-01T23:50:11Z" finished-at="2018-03-02T00:05:32Z">
    <groups>
    </groups>
    <test name="TC_01" duration-ms="140856" started-at="2018-03-01T23:50:11Z" finished-at="2018-03-01T23:52:32Z">
      <class name="com.jivaUAT2.testcases.SITFlows_ZU_60_TC">
        <test-method status="PASS" signature="verify_MemberSearch(java.lang.String)[pri:0, instance:com.jivaUAT2.testcases.SITFlows_ZU_60_TC@27f723]" name="verify_MemberSearch" is-config="true" duration-ms="28548" started-at="2018-03-01T17:50:11Z" description="Read the Member data files and perform Member Search with Member ID" finished-at="2018-03-01T17:50:39Z">
          <params>
            <param index="0">
              <value>
                <![CDATA[15]]>
              </value>
            </param>
          </params>
          <reporter-output>
            <line>
              <![CDATA[Username Enteredvjayavarapu]]>
            </line>
            <line>
              <![CDATA[Password EnteredPassword3!]]>
            </line>
            <line>
              <![CDATA[Login Button Clicked]]>
            </line>
          </reporter-output>
        </test-method> <!-- verify_MemberSearch -->
        <test-method status="PASS" signature="verify_MemberData_fromfile_toScreen_ZU_60Integrationflow()[pri:0, instance:com.jivaUAT2.testcases.SITFlows_ZU_60_TC@27f723]" name="verify_MemberData_fromfile_toScreen_ZU_60Integrationflow" duration-ms="111518" started-at="2018-03-01T17:50:39Z" description="Verify Member data from the files with screendata and execute ZU-60 flow for CCM-Unable to reach member" finished-at="2018-03-01T17:52:31Z">
          <reporter-output>
            <line>
              <![CDATA[Started execution for integration flow of #ZU-60_CCM_Unable to reach member# for the member holding the Member Id: 000014846 and for the client: EHI<br>]]>
            </line>
            <line>
              <![CDATA[<font color='blue'>Expected Result: </font>000014846^EHI0NA<font color='blue'>  Actual Result: </font>000014846^EHI0NA<font color='brown'> Validation 1: Member Coverage ID validated against demographic file</font><br>]]>
            </line>
            <line>
              <![CDATA[<font color='blue'>Expected Result: </font>000014846^EHI0NA<font color='blue'>  Actual Result: </font>000014846^EHI0NA<font color='brown'> Validation 2: Member Coverage ID validated against address file</font><br>]]>
            </line>
            <line>
              <![CDATA[<font color='blue'>Expected Result: </font>000014846^EHI0NA<font color='blue'>  Actual Result: </font>000014846^EHI0NA<font color='brown'> Validation 3: Member Coverage ID validated against Coverage file</font><br>]]>
            </line>
            <line>
              <![CDATA[<font color='blue'>Expected Result: </font>000014846^EHI0NA<font color='blue'>  Actual Result: </font>000014846^EHI0NA<font color='brown'> Validation 4: Member Coverage ID validated against Member Phone file</font><br>]]>
            </line>
            <line>
              <![CDATA[<font color='blue'>Expected Result: </font>6186281652<font color='blue'>  Actual Result: </font>6186281652<font color='brown'> Validation 5: Member Phone Number validated against Member Phone file</font><br>]]>
            </line>
            <line>
              <![CDATA[<font color='blue'>Expected Result: </font>Hall<font color='blue'>  Actual Result: </font>Hall<font color='brown'> Validation 6: Member last name validated</font><br>]]>
            </line>
            <line>
              <![CDATA[<font color='blue'>Expected Result: </font>Arlene<font color='blue'>  Actual Result: </font>Arlene<font color='brown'> Validation 7: Member first name validated</font><br>]]>
            </line>
            <line>
              <![CDATA[<font color='blue'>Expected Result: </font>000014846<font color='blue'>  Actual Result: </font>000014846<font color='brown'> Validation 8: Member alternate id validated</font><br>]]>
            </line>
            <line>
              <![CDATA[<font color='blue'>Expected Result: </font>true<font color='blue'>  Actual Result: </font>true<font color='brown'> Validation 9: Member gender validated</font><br>]]>
            </line>
            <line>
              <![CDATA[<font color='blue'>Expected Result: </font>1931-05-24<font color='blue'>  Actual Result: </font>1931-05-24<font color='brown'> Validation 10: Member DOB validated</font><br>]]>
            </line>
            <line>
              <![CDATA[<font color='blue'>Expected Result: </font>HOME<font color='blue'>  Actual Result: </font>HOME<font color='brown'> Validation 11: Home Address type validated</font><br>]]>
            </line>
            <line>
              <![CDATA[<font color='blue'>Expected Result: </font>618 Wintergreen Dr.<font color='blue'>  Actual Result: </font>618 Wintergreen Dr.<font color='brown'> Validation 12: Home Address line 1 validated</font><br>]]>
            </line>
            <line>
              <![CDATA[<font color='blue'>Expected Result: </font>O Fallon<font color='blue'>  Actual Result: </font>O Fallon<font color='brown'> Validation 13: Home city validated</font><br>]]>
            </line>
            <line>
              <![CDATA[<font color='blue'>Expected Result: </font>IL<font color='blue'>  Actual Result: </font>IL<font color='brown'> Validation 14: Home state validated</font><br>]]>
            </line>
            <line>
              <![CDATA[<font color='blue'>Expected Result: </font>62269<font color='blue'>  Actual Result: </font>62269<font color='brown'> Validation 15: Home Zip validated</font><br>]]>
            </line>
            <line>
              <![CDATA[<font color='blue'>Expected Result: </font>USA<font color='blue'>  Actual Result: </font>USA<font color='brown'> Validation 16: Home country validated</font><br>]]>
            </line>
            <line>
              <![CDATA[<font color='blue'>Expected Result: </font>PRIMARY<font color='blue'>  Actual Result: </font>PRIMARY<font color='brown'> Validation 17: PRIMARY Address type validated</font><br>]]>
            </line>
            <line>
              <![CDATA[<font color='blue'>Expected Result: </font>618 Wintergreen Dr.<font color='blue'>  Actual Result: </font>618 Wintergreen Dr.<font color='brown'> Validation 18: PRIMARY Address line 1 validated</font><br>]]>
            </line>
            <line>
              <![CDATA[<font color='blue'>Expected Result: </font>O Fallon<font color='blue'>  Actual Result: </font>O Fallon<font color='brown'> Validation 19: PRIMARY city validated</font><br>]]>
            </line>
            <line>
              <![CDATA[<font color='blue'>Expected Result: </font>IL<font color='blue'>  Actual Result: </font>IL<font color='brown'> Validation 20: PRIMARY state validated</font><br>]]>
            </line>
            <line>
              <![CDATA[<font color='blue'>Expected Result: </font>62269<font color='blue'>  Actual Result: </font>62269<font color='brown'> Validation 21: PRIMARY Zip validated</font><br>]]>
            </line>
            <line>
              <![CDATA[<font color='blue'>Expected Result: </font>USA<font color='blue'>  Actual Result: </font>USA<font color='brown'> Validation 22: PRIMARY country validated</font><br>]]>
            </line>
            <line>
              <![CDATA[Successfully completed validating integration flow of #ZU-60_CCM_Unable to reach member# for the member holding the Member Id: 000014846 and for the client: EHI]]>
            </line>
          </reporter-output>
        </test-method> <!-- verify_MemberData_fromfile_toScreen_ZU_60Integrationflow -->
        <test-method status="PASS" signature="closeBrowser()[pri:0, instance:com.jivaUAT2.testcases.SITFlows_ZU_60_TC@27f723]" name="closeBrowser" is-config="true" duration-ms="777" started-at="2018-03-01T17:52:31Z" description="Close the browser" finished-at="2018-03-01T17:52:32Z">
          <reporter-output>
          </reporter-output>
        </test-method> <!-- closeBrowser -->
      </class> <!-- com.jivaUAT2.testcases.SITFlows_ZU_60_TC -->
    </test> <!-- TC_01 -->
    <test name="TC_02" duration-ms="140735" started-at="2018-03-01T23:52:32Z" finished-at="2018-03-01T23:54:52Z">
      <class name="com.jivaUAT2.testcases.SITFlows_ZU_61_TC">
        <test-method status="PASS" signature="verify_MemberSearch(java.lang.String)[pri:0, instance:com.jivaUAT2.testcases.SITFlows_ZU_61_TC@2db7a79b]" name="verify_MemberSearch" is-config="true" duration-ms="26406" started-at="2018-03-01T17:52:32Z" description="Read the Member data files and perform Member Search with Member ID" finished-at="2018-03-01T17:52:58Z">
          <params>
            <param index="0">
              <value>
                <![CDATA[15]]>
              </value>
            </param>
          </params>
          <reporter-output>
            <line>
              <![CDATA[Username Enteredvjayavarapu]]>
            </line>
            <line>
              <![CDATA[Password EnteredPassword3!]]>
            </line>
            <line>
              <![CDATA[Login Button Clicked]]>
            </line>
          </reporter-output>
        </test-method> <!-- verify_MemberSearch -->
        <test-method status="PASS" signature="verify_MemberData_fromfile_toScreen_ZU_61Integrationflow()[pri:0, instance:com.jivaUAT2.testcases.SITFlows_ZU_61_TC@2db7a79b]" name="verify_MemberData_fromfile_toScreen_ZU_61Integrationflow" duration-ms="113597" started-at="2018-03-01T17:52:58Z" description="Verify Member data from the files with screendata and execute ZU-61 flow for CCM-Member Opts out" finished-at="2018-03-01T17:54:52Z">
          <reporter-output>
            <line>
              <![CDATA[Started execution for integration flow of #ZU-61_CCM_Member Opts out# for the member holding the Member Id: 000014846 and for the client: EHI<br>]]>
            </line>
            <line>
              <![CDATA[<font color='blue'>Expected Result: </font>000014846^EHI0NA<font color='blue'>  Actual Result: </font>000014846^EHI0NA<font color='brown'> Validation 1: Member Coverage ID validated against demographic file</font><br>]]>
            </line>
            <line>
              <![CDATA[<font color='blue'>Expected Result: </font>000014846^EHI0NA<font color='blue'>  Actual Result: </font>000014846^EHI0NA<font color='brown'> Validation 2: Member Coverage ID validated against address file</font><br>]]>
            </line>
            <line>
              <![CDATA[<font color='blue'>Expected Result: </font>000014846^EHI0NA<font color='blue'>  Actual Result: </font>000014846^EHI0NA<font color='brown'> Validation 3: Member Coverage ID validated against Coverage file</font><br>]]>
            </line>
            <line>
              <![CDATA[<font color='blue'>Expected Result: </font>000014846^EHI0NA<font color='blue'>  Actual Result: </font>000014846^EHI0NA<font color='brown'> Validation 4: Member Coverage ID validated against Member Phone file</font><br>]]>
            </line>
            <line>
              <![CDATA[<font color='blue'>Expected Result: </font>6186281652<font color='blue'>  Actual Result: </font>6186281652<font color='brown'> Validation 5: Member Phone Number validated against Member Phone file</font><br>]]>
            </line>
            <line>
              <![CDATA[<font color='blue'>Expected Result: </font>Hall<font color='blue'>  Actual Result: </font>Hall<font color='brown'> Validation 6: Member last name validated</font><br>]]>
            </line>
            <line>
              <![CDATA[<font color='blue'>Expected Result: </font>Arlene<font color='blue'>  Actual Result: </font>Arlene<font color='brown'> Validation 7: Member first name validated</font><br>]]>
            </line>
            <line>
              <![CDATA[<font color='blue'>Expected Result: </font>000014846<font color='blue'>  Actual Result: </font>000014846<font color='brown'> Validation 8: Member alternate id validated</font><br>]]>
            </line>
            <line>
              <![CDATA[<font color='blue'>Expected Result: </font>true<font color='blue'>  Actual Result: </font>true<font color='brown'> Validation 9: Member gender validated</font><br>]]>
            </line>
            <line>
              <![CDATA[<font color='blue'>Expected Result: </font>1931-05-24<font color='blue'>  Actual Result: </font>1931-05-24<font color='brown'> Validation 10: Member DOB validated</font><br>]]>
            </line>
            <line>
              <![CDATA[<font color='blue'>Expected Result: </font>HOME<font color='blue'>  Actual Result: </font>HOME<font color='brown'> Validation 11: Home Address type validated</font><br>]]>
            </line>
            <line>
              <![CDATA[<font color='blue'>Expected Result: </font>618 Wintergreen Dr.<font color='blue'>  Actual Result: </font>618 Wintergreen Dr.<font color='brown'> Validation 12: Home Address line 1 validated</font><br>]]>
            </line>
            <line>
              <![CDATA[<font color='blue'>Expected Result: </font>O Fallon<font color='blue'>  Actual Result: </font>O Fallon<font color='brown'> Validation 13: Home city validated</font><br>]]>
            </line>
            <line>
              <![CDATA[<font color='blue'>Expected Result: </font>IL<font color='blue'>  Actual Result: </font>IL<font color='brown'> Validation 14: Home state validated</font><br>]]>
            </line>
            <line>
              <![CDATA[<font color='blue'>Expected Result: </font>62269<font color='blue'>  Actual Result: </font>62269<font color='brown'> Validation 15: Home Zip validated</font><br>]]>
            </line>
            <line>
              <![CDATA[<font color='blue'>Expected Result: </font>USA<font color='blue'>  Actual Result: </font>USA<font color='brown'> Validation 16: Home country validated</font><br>]]>
            </line>
            <line>
              <![CDATA[<font color='blue'>Expected Result: </font>PRIMARY<font color='blue'>  Actual Result: </font>PRIMARY<font color='brown'> Validation 17: PRIMARY Address type validated</font><br>]]>
            </line>
            <line>
              <![CDATA[<font color='blue'>Expected Result: </font>618 Wintergreen Dr.<font color='blue'>  Actual Result: </font>618 Wintergreen Dr.<font color='brown'> Validation 18: PRIMARY Address line 1 validated</font><br>]]>
            </line>
            <line>
              <![CDATA[<font color='blue'>Expected Result: </font>O Fallon<font color='blue'>  Actual Result: </font>O Fallon<font color='brown'> Validation 19: PRIMARY city validated</font><br>]]>
            </line>
            <line>
              <![CDATA[<font color='blue'>Expected Result: </font>IL<font color='blue'>  Actual Result: </font>IL<font color='brown'> Validation 20: PRIMARY state validated</font><br>]]>
            </line>
            <line>
              <![CDATA[<font color='blue'>Expected Result: </font>62269<font color='blue'>  Actual Result: </font>62269<font color='brown'> Validation 21: PRIMARY Zip validated</font><br>]]>
            </line>
            <line>
              <![CDATA[<font color='blue'>Expected Result: </font>USA<font color='blue'>  Actual Result: </font>USA<font color='brown'> Validation 22: PRIMARY country validated</font><br>]]>
            </line>
            <line>
              <![CDATA[Successfully completed validating integration flow of #ZU-61_CCM_Member Opts out# for the member holding the Member Id: 000014846 and for the client: EHI]]>
            </line>
          </reporter-output>
        </test-method> <!-- verify_MemberData_fromfile_toScreen_ZU_61Integrationflow -->
        <test-method status="PASS" signature="closeBrowser()[pri:0, instance:com.jivaUAT2.testcases.SITFlows_ZU_61_TC@2db7a79b]" name="closeBrowser" is-config="true" duration-ms="729" started-at="2018-03-01T17:54:52Z" description="Close the browser" finished-at="2018-03-01T17:54:52Z">
          <reporter-output>
          </reporter-output>
        </test-method> <!-- closeBrowser -->
      </class> <!-- com.jivaUAT2.testcases.SITFlows_ZU_61_TC -->
    </test> <!-- TC_02 -->
    <test name="TC_03" duration-ms="182773" started-at="2018-03-01T23:54:52Z" finished-at="2018-03-01T23:57:55Z">
      <class name="com.jivaUAT2.testcases.SITFlows_ZU_63_TC">
        <test-method status="PASS" signature="verify_MemberSearch(java.lang.String)[pri:0, instance:com.jivaUAT2.testcases.SITFlows_ZU_63_TC@569cfc36]" name="verify_MemberSearch" is-config="true" duration-ms="25678" started-at="2018-03-01T17:54:52Z" description="Read the Member data files and perform Member Search with Member ID" finished-at="2018-03-01T17:55:18Z">
          <params>
            <param index="0">
              <value>
                <![CDATA[15]]>
              </value>
            </param>
          </params>
          <reporter-output>
            <line>
              <![CDATA[Username Enteredvjayavarapu]]>
            </line>
            <line>
              <![CDATA[Password EnteredPassword3!]]>
            </line>
            <line>
              <![CDATA[Login Button Clicked]]>
            </line>
          </reporter-output>
        </test-method> <!-- verify_MemberSearch -->
        <test-method status="PASS" signature="verify_MemberData_fromfile_toScreen_ZU_60Integrationflow()[pri:0, instance:com.jivaUAT2.testcases.SITFlows_ZU_63_TC@569cfc36]" name="verify_MemberData_fromfile_toScreen_ZU_60Integrationflow" duration-ms="156325" started-at="2018-03-01T17:55:18Z" description="Verify Member data from the files with screendata and execute ZU-60 flow for CCM-Unable to reach member" finished-at="2018-03-01T17:57:54Z">
          <reporter-output>
            <line>
              <![CDATA[Started execution for integration flow of #ZU-63_CCM_Member_Identified Needs/Goals Have Been Met# for the member holding the Member Id: 000014846 and for the client: EHI<br>]]>
            </line>
            <line>
              <![CDATA[<font color='blue'>Expected Result: </font>000014846^EHI0NA<font color='blue'>  Actual Result: </font>000014846^EHI0NA<font color='brown'> Validation 1: Member Coverage ID validated against demographic file</font><br>]]>
            </line>
            <line>
              <![CDATA[<font color='blue'>Expected Result: </font>000014846^EHI0NA<font color='blue'>  Actual Result: </font>000014846^EHI0NA<font color='brown'> Validation 2: Member Coverage ID validated against address file</font><br>]]>
            </line>
            <line>
              <![CDATA[<font color='blue'>Expected Result: </font>000014846^EHI0NA<font color='blue'>  Actual Result: </font>000014846^EHI0NA<font color='brown'> Validation 3: Member Coverage ID validated against Coverage file</font><br>]]>
            </line>
            <line>
              <![CDATA[<font color='blue'>Expected Result: </font>000014846^EHI0NA<font color='blue'>  Actual Result: </font>000014846^EHI0NA<font color='brown'> Validation 4: Member Coverage ID validated against Member Phone file</font><br>]]>
            </line>
            <line>
              <![CDATA[<font color='blue'>Expected Result: </font>6186281652<font color='blue'>  Actual Result: </font>6186281652<font color='brown'> Validation 5: Member Phone Number validated against Member Phone file</font><br>]]>
            </line>
            <line>
              <![CDATA[<font color='blue'>Expected Result: </font>Hall<font color='blue'>  Actual Result: </font>Hall<font color='brown'> Validation 6: Member last name validated</font><br>]]>
            </line>
            <line>
              <![CDATA[<font color='blue'>Expected Result: </font>Arlene<font color='blue'>  Actual Result: </font>Arlene<font color='brown'> Validation 7: Member first name validated</font><br>]]>
            </line>
            <line>
              <![CDATA[<font color='blue'>Expected Result: </font>000014846<font color='blue'>  Actual Result: </font>000014846<font color='brown'> Validation 8: Member alternate id validated</font><br>]]>
            </line>
            <line>
              <![CDATA[<font color='blue'>Expected Result: </font>true<font color='blue'>  Actual Result: </font>true<font color='brown'> Validation 9: Member gender validated</font><br>]]>
            </line>
            <line>
              <![CDATA[<font color='blue'>Expected Result: </font>1931-05-24<font color='blue'>  Actual Result: </font>1931-05-24<font color='brown'> Validation 10: Member DOB validated</font><br>]]>
            </line>
            <line>
              <![CDATA[<font color='blue'>Expected Result: </font>HOME<font color='blue'>  Actual Result: </font>HOME<font color='brown'> Validation 11: Home Address type validated</font><br>]]>
            </line>
            <line>
              <![CDATA[<font color='blue'>Expected Result: </font>618 Wintergreen Dr.<font color='blue'>  Actual Result: </font>618 Wintergreen Dr.<font color='brown'> Validation 12: Home Address line 1 validated</font><br>]]>
            </line>
            <line>
              <![CDATA[<font color='blue'>Expected Result: </font>O Fallon<font color='blue'>  Actual Result: </font>O Fallon<font color='brown'> Validation 13: Home city validated</font><br>]]>
            </line>
            <line>
              <![CDATA[<font color='blue'>Expected Result: </font>IL<font color='blue'>  Actual Result: </font>IL<font color='brown'> Validation 14: Home state validated</font><br>]]>
            </line>
            <line>
              <![CDATA[<font color='blue'>Expected Result: </font>62269<font color='blue'>  Actual Result: </font>62269<font color='brown'> Validation 15: Home Zip validated</font><br>]]>
            </line>
            <line>
              <![CDATA[<font color='blue'>Expected Result: </font>USA<font color='blue'>  Actual Result: </font>USA<font color='brown'> Validation 16: Home country validated</font><br>]]>
            </line>
            <line>
              <![CDATA[<font color='blue'>Expected Result: </font>PRIMARY<font color='blue'>  Actual Result: </font>PRIMARY<font color='brown'> Validation 17: PRIMARY Address type validated</font><br>]]>
            </line>
            <line>
              <![CDATA[<font color='blue'>Expected Result: </font>618 Wintergreen Dr.<font color='blue'>  Actual Result: </font>618 Wintergreen Dr.<font color='brown'> Validation 18: PRIMARY Address line 1 validated</font><br>]]>
            </line>
            <line>
              <![CDATA[<font color='blue'>Expected Result: </font>O Fallon<font color='blue'>  Actual Result: </font>O Fallon<font color='brown'> Validation 19: PRIMARY city validated</font><br>]]>
            </line>
            <line>
              <![CDATA[<font color='blue'>Expected Result: </font>IL<font color='blue'>  Actual Result: </font>IL<font color='brown'> Validation 20: PRIMARY state validated</font><br>]]>
            </line>
            <line>
              <![CDATA[<font color='blue'>Expected Result: </font>62269<font color='blue'>  Actual Result: </font>62269<font color='brown'> Validation 21: PRIMARY Zip validated</font><br>]]>
            </line>
            <line>
              <![CDATA[<font color='blue'>Expected Result: </font>USA<font color='blue'>  Actual Result: </font>USA<font color='brown'> Validation 22: PRIMARY country validated</font><br>]]>
            </line>
            <line>
              <![CDATA[Successfully completed validating integration flow of #ZU-63_CCM_Member_Identified Needs/Goals Have Been Met# for the member holding the Member Id: 000014846 and for the client: EHI]]>
            </line>
          </reporter-output>
        </test-method> <!-- verify_MemberData_fromfile_toScreen_ZU_60Integrationflow -->
        <test-method status="PASS" signature="closeBrowser()[pri:0, instance:com.jivaUAT2.testcases.SITFlows_ZU_63_TC@569cfc36]" name="closeBrowser" is-config="true" duration-ms="768" started-at="2018-03-01T17:57:54Z" description="Close the browser" finished-at="2018-03-01T17:57:55Z">
          <reporter-output>
          </reporter-output>
        </test-method> <!-- closeBrowser -->
      </class> <!-- com.jivaUAT2.testcases.SITFlows_ZU_63_TC -->
    </test> <!-- TC_03 -->
    <test name="TC_04" duration-ms="140483" started-at="2018-03-01T23:57:55Z" finished-at="2018-03-02T00:00:16Z">
      <class name="com.jivaUAT2.testcases.SITFlows_ZU_60_TC">
        <test-method status="PASS" signature="verify_MemberSearch(java.lang.String)[pri:0, instance:com.jivaUAT2.testcases.SITFlows_ZU_60_TC@cb0ed20]" name="verify_MemberSearch" is-config="true" duration-ms="22167" started-at="2018-03-01T17:57:55Z" description="Read the Member data files and perform Member Search with Member ID" finished-at="2018-03-01T17:58:17Z">
          <params>
            <param index="0">
              <value>
                <![CDATA[16]]>
              </value>
            </param>
          </params>
          <reporter-output>
            <line>
              <![CDATA[Username Enteredvjayavarapu]]>
            </line>
            <line>
              <![CDATA[Password EnteredPassword3!]]>
            </line>
            <line>
              <![CDATA[Login Button Clicked]]>
            </line>
          </reporter-output>
        </test-method> <!-- verify_MemberSearch -->
        <test-method status="PASS" signature="verify_MemberData_fromfile_toScreen_ZU_60Integrationflow()[pri:0, instance:com.jivaUAT2.testcases.SITFlows_ZU_60_TC@cb0ed20]" name="verify_MemberData_fromfile_toScreen_ZU_60Integrationflow" duration-ms="117544" started-at="2018-03-01T17:58:17Z" description="Verify Member data from the files with screendata and execute ZU-60 flow for CCM-Unable to reach member" finished-at="2018-03-01T18:00:15Z">
          <reporter-output>
            <line>
              <![CDATA[Started execution for integration flow of #ZU-60_CCM_Unable to reach member# for the member holding the Member Id: 000015060 and for the client: EHI<br>]]>
            </line>
            <line>
              <![CDATA[<font color='blue'>Expected Result: </font>000015060^EHI0NA<font color='blue'>  Actual Result: </font>000015060^EHI0NA<font color='brown'> Validation 1: Member Coverage ID validated against demographic file</font><br>]]>
            </line>
            <line>
              <![CDATA[<font color='blue'>Expected Result: </font>000015060^EHI0NA<font color='blue'>  Actual Result: </font>000015060^EHI0NA<font color='brown'> Validation 2: Member Coverage ID validated against address file</font><br>]]>
            </line>
            <line>
              <![CDATA[<font color='blue'>Expected Result: </font>000015060^EHI0NA<font color='blue'>  Actual Result: </font>000015060^EHI0NA<font color='brown'> Validation 3: Member Coverage ID validated against Coverage file</font><br>]]>
            </line>
            <line>
              <![CDATA[<font color='blue'>Expected Result: </font>000015060^EHI0NA<font color='blue'>  Actual Result: </font>000015060^EHI0NA<font color='brown'> Validation 4: Member Coverage ID validated against Member Phone file</font><br>]]>
            </line>
            <line>
              <![CDATA[<font color='blue'>Expected Result: </font>3143814474<font color='blue'>  Actual Result: </font>3143814474<font color='brown'> Validation 5: Member Phone Number validated against Member Phone file</font><br>]]>
            </line>
            <line>
              <![CDATA[<font color='blue'>Expected Result: </font>Rice Jr<font color='blue'>  Actual Result: </font>Rice Jr<font color='brown'> Validation 6: Member last name validated</font><br>]]>
            </line>
            <line>
              <![CDATA[<font color='blue'>Expected Result: </font>James<font color='blue'>  Actual Result: </font>James<font color='brown'> Validation 7: Member first name validated</font><br>]]>
            </line>
            <line>
              <![CDATA[<font color='blue'>Expected Result: </font>000015060<font color='blue'>  Actual Result: </font>000015060<font color='brown'> Validation 8: Member alternate id validated</font><br>]]>
            </line>
            <line>
              <![CDATA[<font color='blue'>Expected Result: </font>true<font color='blue'>  Actual Result: </font>true<font color='brown'> Validation 9: Member gender validated</font><br>]]>
            </line>
            <line>
              <![CDATA[<font color='blue'>Expected Result: </font>1942-08-03<font color='blue'>  Actual Result: </font>1942-08-03<font color='brown'> Validation 10: Member DOB validated</font><br>]]>
            </line>
            <line>
              <![CDATA[<font color='blue'>Expected Result: </font>HOME<font color='blue'>  Actual Result: </font>HOME<font color='brown'> Validation 11: Home Address type validated</font><br>]]>
            </line>
            <line>
              <![CDATA[<font color='blue'>Expected Result: </font>6631 Barken Ave.<font color='blue'>  Actual Result: </font>6631 Barken Ave.<font color='brown'> Validation 12: Home Address line 1 validated</font><br>]]>
            </line>
            <line>
              <![CDATA[<font color='blue'>Expected Result: </font>Saint Louis<font color='blue'>  Actual Result: </font>Saint Louis<font color='brown'> Validation 13: Home city validated</font><br>]]>
            </line>
            <line>
              <![CDATA[<font color='blue'>Expected Result: </font>MO<font color='blue'>  Actual Result: </font>MO<font color='brown'> Validation 14: Home state validated</font><br>]]>
            </line>
            <line>
              <![CDATA[<font color='blue'>Expected Result: </font>63121<font color='blue'>  Actual Result: </font>63121<font color='brown'> Validation 15: Home Zip validated</font><br>]]>
            </line>
            <line>
              <![CDATA[<font color='blue'>Expected Result: </font>USA<font color='blue'>  Actual Result: </font>USA<font color='brown'> Validation 16: Home country validated</font><br>]]>
            </line>
            <line>
              <![CDATA[<font color='blue'>Expected Result: </font>PRIMARY<font color='blue'>  Actual Result: </font>PRIMARY<font color='brown'> Validation 17: PRIMARY Address type validated</font><br>]]>
            </line>
            <line>
              <![CDATA[<font color='blue'>Expected Result: </font>6631 Barken Ave.<font color='blue'>  Actual Result: </font>6631 Barken Ave.<font color='brown'> Validation 18: PRIMARY Address line 1 validated</font><br>]]>
            </line>
            <line>
              <![CDATA[<font color='blue'>Expected Result: </font>Saint Louis<font color='blue'>  Actual Result: </font>Saint Louis<font color='brown'> Validation 19: PRIMARY city validated</font><br>]]>
            </line>
            <line>
              <![CDATA[<font color='blue'>Expected Result: </font>MO<font color='blue'>  Actual Result: </font>MO<font color='brown'> Validation 20: PRIMARY state validated</font><br>]]>
            </line>
            <line>
              <![CDATA[<font color='blue'>Expected Result: </font>63121<font color='blue'>  Actual Result: </font>63121<font color='brown'> Validation 21: PRIMARY Zip validated</font><br>]]>
            </line>
            <line>
              <![CDATA[<font color='blue'>Expected Result: </font>USA<font color='blue'>  Actual Result: </font>USA<font color='brown'> Validation 22: PRIMARY country validated</font><br>]]>
            </line>
            <line>
              <![CDATA[Successfully completed validating integration flow of #ZU-60_CCM_Unable to reach member# for the member holding the Member Id: 000015060 and for the client: EHI]]>
            </line>
          </reporter-output>
        </test-method> <!-- verify_MemberData_fromfile_toScreen_ZU_60Integrationflow -->
        <test-method status="PASS" signature="closeBrowser()[pri:0, instance:com.jivaUAT2.testcases.SITFlows_ZU_60_TC@cb0ed20]" name="closeBrowser" is-config="true" duration-ms="768" started-at="2018-03-01T18:00:15Z" description="Close the browser" finished-at="2018-03-01T18:00:16Z">
          <reporter-output>
          </reporter-output>
        </test-method> <!-- closeBrowser -->
      </class> <!-- com.jivaUAT2.testcases.SITFlows_ZU_60_TC -->
    </test> <!-- TC_04 -->
    <test name="TC_05" duration-ms="137097" started-at="2018-03-02T00:00:16Z" finished-at="2018-03-02T00:02:33Z">
      <class name="com.jivaUAT2.testcases.SITFlows_ZU_61_TC">
        <test-method status="PASS" signature="verify_MemberSearch(java.lang.String)[pri:0, instance:com.jivaUAT2.testcases.SITFlows_ZU_61_TC@1d371b2d]" name="verify_MemberSearch" is-config="true" duration-ms="22210" started-at="2018-03-01T18:00:16Z" description="Read the Member data files and perform Member Search with Member ID" finished-at="2018-03-01T18:00:38Z">
          <params>
            <param index="0">
              <value>
                <![CDATA[16]]>
              </value>
            </param>
          </params>
          <reporter-output>
            <line>
              <![CDATA[Username Enteredvjayavarapu]]>
            </line>
            <line>
              <![CDATA[Password EnteredPassword3!]]>
            </line>
            <line>
              <![CDATA[Login Button Clicked]]>
            </line>
          </reporter-output>
        </test-method> <!-- verify_MemberSearch -->
        <test-method status="PASS" signature="verify_MemberData_fromfile_toScreen_ZU_61Integrationflow()[pri:0, instance:com.jivaUAT2.testcases.SITFlows_ZU_61_TC@1d371b2d]" name="verify_MemberData_fromfile_toScreen_ZU_61Integrationflow" duration-ms="114152" started-at="2018-03-01T18:00:38Z" description="Verify Member data from the files with screendata and execute ZU-61 flow for CCM-Member Opts out" finished-at="2018-03-01T18:02:32Z">
          <reporter-output>
            <line>
              <![CDATA[Started execution for integration flow of #ZU-61_CCM_Member Opts out# for the member holding the Member Id: 000015060 and for the client: EHI<br>]]>
            </line>
            <line>
              <![CDATA[<font color='blue'>Expected Result: </font>000015060^EHI0NA<font color='blue'>  Actual Result: </font>000015060^EHI0NA<font color='brown'> Validation 1: Member Coverage ID validated against demographic file</font><br>]]>
            </line>
            <line>
              <![CDATA[<font color='blue'>Expected Result: </font>000015060^EHI0NA<font color='blue'>  Actual Result: </font>000015060^EHI0NA<font color='brown'> Validation 2: Member Coverage ID validated against address file</font><br>]]>
            </line>
            <line>
              <![CDATA[<font color='blue'>Expected Result: </font>000015060^EHI0NA<font color='blue'>  Actual Result: </font>000015060^EHI0NA<font color='brown'> Validation 3: Member Coverage ID validated against Coverage file</font><br>]]>
            </line>
            <line>
              <![CDATA[<font color='blue'>Expected Result: </font>000015060^EHI0NA<font color='blue'>  Actual Result: </font>000015060^EHI0NA<font color='brown'> Validation 4: Member Coverage ID validated against Member Phone file</font><br>]]>
            </line>
            <line>
              <![CDATA[<font color='blue'>Expected Result: </font>3143814474<font color='blue'>  Actual Result: </font>3143814474<font color='brown'> Validation 5: Member Phone Number validated against Member Phone file</font><br>]]>
            </line>
            <line>
              <![CDATA[<font color='blue'>Expected Result: </font>Rice Jr<font color='blue'>  Actual Result: </font>Rice Jr<font color='brown'> Validation 6: Member last name validated</font><br>]]>
            </line>
            <line>
              <![CDATA[<font color='blue'>Expected Result: </font>James<font color='blue'>  Actual Result: </font>James<font color='brown'> Validation 7: Member first name validated</font><br>]]>
            </line>
            <line>
              <![CDATA[<font color='blue'>Expected Result: </font>000015060<font color='blue'>  Actual Result: </font>000015060<font color='brown'> Validation 8: Member alternate id validated</font><br>]]>
            </line>
            <line>
              <![CDATA[<font color='blue'>Expected Result: </font>true<font color='blue'>  Actual Result: </font>true<font color='brown'> Validation 9: Member gender validated</font><br>]]>
            </line>
            <line>
              <![CDATA[<font color='blue'>Expected Result: </font>1942-08-03<font color='blue'>  Actual Result: </font>1942-08-03<font color='brown'> Validation 10: Member DOB validated</font><br>]]>
            </line>
            <line>
              <![CDATA[<font color='blue'>Expected Result: </font>HOME<font color='blue'>  Actual Result: </font>HOME<font color='brown'> Validation 11: Home Address type validated</font><br>]]>
            </line>
            <line>
              <![CDATA[<font color='blue'>Expected Result: </font>6631 Barken Ave.<font color='blue'>  Actual Result: </font>6631 Barken Ave.<font color='brown'> Validation 12: Home Address line 1 validated</font><br>]]>
            </line>
            <line>
              <![CDATA[<font color='blue'>Expected Result: </font>Saint Louis<font color='blue'>  Actual Result: </font>Saint Louis<font color='brown'> Validation 13: Home city validated</font><br>]]>
            </line>
            <line>
              <![CDATA[<font color='blue'>Expected Result: </font>MO<font color='blue'>  Actual Result: </font>MO<font color='brown'> Validation 14: Home state validated</font><br>]]>
            </line>
            <line>
              <![CDATA[<font color='blue'>Expected Result: </font>63121<font color='blue'>  Actual Result: </font>63121<font color='brown'> Validation 15: Home Zip validated</font><br>]]>
            </line>
            <line>
              <![CDATA[<font color='blue'>Expected Result: </font>USA<font color='blue'>  Actual Result: </font>USA<font color='brown'> Validation 16: Home country validated</font><br>]]>
            </line>
            <line>
              <![CDATA[<font color='blue'>Expected Result: </font>PRIMARY<font color='blue'>  Actual Result: </font>PRIMARY<font color='brown'> Validation 17: PRIMARY Address type validated</font><br>]]>
            </line>
            <line>
              <![CDATA[<font color='blue'>Expected Result: </font>6631 Barken Ave.<font color='blue'>  Actual Result: </font>6631 Barken Ave.<font color='brown'> Validation 18: PRIMARY Address line 1 validated</font><br>]]>
            </line>
            <line>
              <![CDATA[<font color='blue'>Expected Result: </font>Saint Louis<font color='blue'>  Actual Result: </font>Saint Louis<font color='brown'> Validation 19: PRIMARY city validated</font><br>]]>
            </line>
            <line>
              <![CDATA[<font color='blue'>Expected Result: </font>MO<font color='blue'>  Actual Result: </font>MO<font color='brown'> Validation 20: PRIMARY state validated</font><br>]]>
            </line>
            <line>
              <![CDATA[<font color='blue'>Expected Result: </font>63121<font color='blue'>  Actual Result: </font>63121<font color='brown'> Validation 21: PRIMARY Zip validated</font><br>]]>
            </line>
            <line>
              <![CDATA[<font color='blue'>Expected Result: </font>USA<font color='blue'>  Actual Result: </font>USA<font color='brown'> Validation 22: PRIMARY country validated</font><br>]]>
            </line>
            <line>
              <![CDATA[Successfully completed validating integration flow of #ZU-61_CCM_Member Opts out# for the member holding the Member Id: 000015060 and for the client: EHI]]>
            </line>
          </reporter-output>
        </test-method> <!-- verify_MemberData_fromfile_toScreen_ZU_61Integrationflow -->
        <test-method status="PASS" signature="closeBrowser()[pri:0, instance:com.jivaUAT2.testcases.SITFlows_ZU_61_TC@1d371b2d]" name="closeBrowser" is-config="true" duration-ms="732" started-at="2018-03-01T18:02:32Z" description="Close the browser" finished-at="2018-03-01T18:02:33Z">
          <reporter-output>
          </reporter-output>
        </test-method> <!-- closeBrowser -->
      </class> <!-- com.jivaUAT2.testcases.SITFlows_ZU_61_TC -->
    </test> <!-- TC_05 -->
    <test name="TC_06" duration-ms="179564" started-at="2018-03-02T00:02:33Z" finished-at="2018-03-02T00:05:32Z">
      <class name="com.jivaUAT2.testcases.SITFlows_ZU_63_TC">
        <test-method status="PASS" signature="verify_MemberSearch(java.lang.String)[pri:0, instance:com.jivaUAT2.testcases.SITFlows_ZU_63_TC@1fc2b765]" name="verify_MemberSearch" is-config="true" duration-ms="22223" started-at="2018-03-01T18:02:33Z" description="Read the Member data files and perform Member Search with Member ID" finished-at="2018-03-01T18:02:55Z">
          <params>
            <param index="0">
              <value>
                <![CDATA[16]]>
              </value>
            </param>
          </params>
          <reporter-output>
            <line>
              <![CDATA[Username Enteredvjayavarapu]]>
            </line>
            <line>
              <![CDATA[Password EnteredPassword3!]]>
            </line>
            <line>
              <![CDATA[Login Button Clicked]]>
            </line>
          </reporter-output>
        </test-method> <!-- verify_MemberSearch -->
        <test-method status="PASS" signature="verify_MemberData_fromfile_toScreen_ZU_60Integrationflow()[pri:0, instance:com.jivaUAT2.testcases.SITFlows_ZU_63_TC@1fc2b765]" name="verify_MemberData_fromfile_toScreen_ZU_60Integrationflow" duration-ms="156575" started-at="2018-03-01T18:02:55Z" description="Verify Member data from the files with screendata and execute ZU-60 flow for CCM-Unable to reach member" finished-at="2018-03-01T18:05:32Z">
          <reporter-output>
            <line>
              <![CDATA[Started execution for integration flow of #ZU-63_CCM_Member_Identified Needs/Goals Have Been Met# for the member holding the Member Id: 000015060 and for the client: EHI<br>]]>
            </line>
            <line>
              <![CDATA[<font color='blue'>Expected Result: </font>000015060^EHI0NA<font color='blue'>  Actual Result: </font>000015060^EHI0NA<font color='brown'> Validation 1: Member Coverage ID validated against demographic file</font><br>]]>
            </line>
            <line>
              <![CDATA[<font color='blue'>Expected Result: </font>000015060^EHI0NA<font color='blue'>  Actual Result: </font>000015060^EHI0NA<font color='brown'> Validation 2: Member Coverage ID validated against address file</font><br>]]>
            </line>
            <line>
              <![CDATA[<font color='blue'>Expected Result: </font>000015060^EHI0NA<font color='blue'>  Actual Result: </font>000015060^EHI0NA<font color='brown'> Validation 3: Member Coverage ID validated against Coverage file</font><br>]]>
            </line>
            <line>
              <![CDATA[<font color='blue'>Expected Result: </font>000015060^EHI0NA<font color='blue'>  Actual Result: </font>000015060^EHI0NA<font color='brown'> Validation 4: Member Coverage ID validated against Member Phone file</font><br>]]>
            </line>
            <line>
              <![CDATA[<font color='blue'>Expected Result: </font>3143814474<font color='blue'>  Actual Result: </font>3143814474<font color='brown'> Validation 5: Member Phone Number validated against Member Phone file</font><br>]]>
            </line>
            <line>
              <![CDATA[<font color='blue'>Expected Result: </font>Rice Jr<font color='blue'>  Actual Result: </font>Rice Jr<font color='brown'> Validation 6: Member last name validated</font><br>]]>
            </line>
            <line>
              <![CDATA[<font color='blue'>Expected Result: </font>James<font color='blue'>  Actual Result: </font>James<font color='brown'> Validation 7: Member first name validated</font><br>]]>
            </line>
            <line>
              <![CDATA[<font color='blue'>Expected Result: </font>000015060<font color='blue'>  Actual Result: </font>000015060<font color='brown'> Validation 8: Member alternate id validated</font><br>]]>
            </line>
            <line>
              <![CDATA[<font color='blue'>Expected Result: </font>true<font color='blue'>  Actual Result: </font>true<font color='brown'> Validation 9: Member gender validated</font><br>]]>
            </line>
            <line>
              <![CDATA[<font color='blue'>Expected Result: </font>1942-08-03<font color='blue'>  Actual Result: </font>1942-08-03<font color='brown'> Validation 10: Member DOB validated</font><br>]]>
            </line>
            <line>
              <![CDATA[<font color='blue'>Expected Result: </font>HOME<font color='blue'>  Actual Result: </font>HOME<font color='brown'> Validation 11: Home Address type validated</font><br>]]>
            </line>
            <line>
              <![CDATA[<font color='blue'>Expected Result: </font>6631 Barken Ave.<font color='blue'>  Actual Result: </font>6631 Barken Ave.<font color='brown'> Validation 12: Home Address line 1 validated</font><br>]]>
            </line>
            <line>
              <![CDATA[<font color='blue'>Expected Result: </font>Saint Louis<font color='blue'>  Actual Result: </font>Saint Louis<font color='brown'> Validation 13: Home city validated</font><br>]]>
            </line>
            <line>
              <![CDATA[<font color='blue'>Expected Result: </font>MO<font color='blue'>  Actual Result: </font>MO<font color='brown'> Validation 14: Home state validated</font><br>]]>
            </line>
            <line>
              <![CDATA[<font color='blue'>Expected Result: </font>63121<font color='blue'>  Actual Result: </font>63121<font color='brown'> Validation 15: Home Zip validated</font><br>]]>
            </line>
            <line>
              <![CDATA[<font color='blue'>Expected Result: </font>USA<font color='blue'>  Actual Result: </font>USA<font color='brown'> Validation 16: Home country validated</font><br>]]>
            </line>
            <line>
              <![CDATA[<font color='blue'>Expected Result: </font>PRIMARY<font color='blue'>  Actual Result: </font>PRIMARY<font color='brown'> Validation 17: PRIMARY Address type validated</font><br>]]>
            </line>
            <line>
              <![CDATA[<font color='blue'>Expected Result: </font>6631 Barken Ave.<font color='blue'>  Actual Result: </font>6631 Barken Ave.<font color='brown'> Validation 18: PRIMARY Address line 1 validated</font><br>]]>
            </line>
            <line>
              <![CDATA[<font color='blue'>Expected Result: </font>Saint Louis<font color='blue'>  Actual Result: </font>Saint Louis<font color='brown'> Validation 19: PRIMARY city validated</font><br>]]>
            </line>
            <line>
              <![CDATA[<font color='blue'>Expected Result: </font>MO<font color='blue'>  Actual Result: </font>MO<font color='brown'> Validation 20: PRIMARY state validated</font><br>]]>
            </line>
            <line>
              <![CDATA[<font color='blue'>Expected Result: </font>63121<font color='blue'>  Actual Result: </font>63121<font color='brown'> Validation 21: PRIMARY Zip validated</font><br>]]>
            </line>
            <line>
              <![CDATA[<font color='blue'>Expected Result: </font>USA<font color='blue'>  Actual Result: </font>USA<font color='brown'> Validation 22: PRIMARY country validated</font><br>]]>
            </line>
            <line>
              <![CDATA[Successfully completed validating integration flow of #ZU-63_CCM_Member_Identified Needs/Goals Have Been Met# for the member holding the Member Id: 000015060 and for the client: EHI]]>
            </line>
          </reporter-output>
        </test-method> <!-- verify_MemberData_fromfile_toScreen_ZU_60Integrationflow -->
        <test-method status="PASS" signature="closeBrowser()[pri:0, instance:com.jivaUAT2.testcases.SITFlows_ZU_63_TC@1fc2b765]" name="closeBrowser" is-config="true" duration-ms="764" started-at="2018-03-01T18:05:32Z" description="Close the browser" finished-at="2018-03-01T18:05:32Z">
          <reporter-output>
          </reporter-output>
        </test-method> <!-- closeBrowser -->
      </class> <!-- com.jivaUAT2.testcases.SITFlows_ZU_63_TC -->
    </test> <!-- TC_06 -->
  </suite> <!-- System Integration Test Suite -->
</testng-results>
