<?xml version="1.0" encoding="UTF-8"?>
<!-- Generated by org.testng.reporters.JUnitXMLReporter -->
<testsuite hostname="WKS22218" name="ZU_60_TC01" tests="2" failures="0" timestamp="26 Feb 2018 21:06:56 GMT" time="206.854" errors="0">
  <testcase name="verify_MemberData_fromfile_toScreen_ZU_60Integrationflow" time="84.595" classname="com.jivaUAT2.testcases.SITFlows_ZU_60_TC"/>
  <testcase name="verify_MemberData_fromfile_toScreen_ZU_61Integrationflow" time="88.175" classname="com.jivaUAT2.testcases.SITFlows_ZU_61_TC"/>
</testsuite> <!-- ZU_60_TC01 -->
