<?xml version="1.0" encoding="UTF-8"?>
<!-- Generated by org.testng.reporters.JUnitXMLReporter -->
<testsuite hostname="WKS22218" ignored="0" name="Line 2" tests="1" failures="1" timestamp="11 Feb 2018 04:43:43 GMT" time="21.919" errors="0">
  <testcase name="verify_MemberDatafromfile_toScreen_ZU_60flow" time="3.517" classname="com.jivaUAT2.testcases.Flow1">
    <failure type="java.lang.AssertionError" message="The person is deceased expected [false] but found [true]">
      <![CDATA[java.lang.AssertionError: The person is deceased expected [false] but found [true]at com.jivaUAT2.testcases.Flow1.verify_MemberDatafromfile_toScreen_ZU_60flow(Flow1.java:136)... Removed 28 stack frames]]>
    </failure>
  </testcase> <!-- verify_MemberDatafromfile_toScreen_ZU_60flow -->
</testsuite> <!-- Line 2 -->
