<?xml version="1.0" encoding="UTF-8"?>
<!-- Generated by org.testng.reporters.JUnitXMLReporter -->
<testsuite hostname="WKS22218" ignored="0" name="Test" tests="3" failures="0" timestamp="07 Feb 2018 20:49:33 GMT" time="358.709" errors="0">
  <testcase name="verify_MemberDatafromfile_toScreen_ZU_60flow" time="103.022" classname="com.jivaUAT2.testcases.CCM_UTCLetterGeneration_TC"/>
  <testcase name="verify_MemberDatafromfile_toScreen_ZU_61flow" time="107.414" classname="com.jivaUAT2.testcases.CCM_MemberOptOutLetterGeneration_TC"/>
  <testcase name="verify_MemberDatafromfile_toScreen_ZU_63flow" time="147.957" classname="com.jivaUAT2.testcases.CCM_PostEnrollmentLetterGeneration_TC"/>
</testsuite> <!-- Test -->
