<?xml version="1.0" encoding="UTF-8"?>
<!-- Generated by org.testng.reporters.JUnitXMLReporter -->
<testsuite hostname="WKS22218" name="ZU_60_TC01_Line 1" tests="1" failures="1" timestamp="26 Feb 2018 01:45:29 GMT" time="36.943" errors="0">
  <testcase name="verify_MemberData_fromfile_toScreen_ZU_60Integrationflow" time="13.7" classname="com.jivaUAT2.testcases.ZU_60_E2EIntegrationFlow_TC">
    <failure type="java.lang.AssertionError" message="Member Coverage ID validated against address file expected [EHI] but found [000003048^EHI0NA]">
      <![CDATA[java.lang.AssertionError: Member Coverage ID validated against address file expected [EHI] but found [000003048^EHI0NA]
	at com.jivaUAT2.testcases.ZU_60_E2EIntegrationFlow_TC.customReport(ZU_60_E2EIntegrationFlow_TC.java:116)
	at com.jivaUAT2.testcases.ZU_60_E2EIntegrationFlow_TC.verify_MemberData_fromfile_toScreen_ZU_60Integrationflow(ZU_60_E2EIntegrationFlow_TC.java:150)
... Removed 28 stack frames]]>
    </failure>
  </testcase> <!-- verify_MemberData_fromfile_toScreen_ZU_60Integrationflow -->
</testsuite> <!-- ZU_60_TC01_Line 1 -->
